<?xml version="1.0" encoding="UTF-8"?>
<testsuite xmlns:xsi="http://www.w3.org/2001/XMLSchema-instance" xsi:noNamespaceSchemaLocation="https://maven.apache.org/surefire/maven-failsafe-plugin/xsd/failsafe-test-report-3.0.xsd" version="3.0" name="com.sansa.auth.it.CassandraDaoIT" time="4.776" tests="2" errors="0" skipped="0" failures="0">
  <properties>
[...]
</properties>
  <testcase name="contextLoads_andCassandraConnected" classname="com.sansa.auth.it.CassandraDaoIT" time="0.495">
    <system-out><![CDATA[
  .   ____          _            __ _ _
 /\\ / ___'_ __ _ _(_)_ __  __ _ \ \ \ \
( ( )\___ | '_ | '_| | '_ \/ _` | \ \ \ \
 \\/  ___)| |_)| | | | | || (_| |  ) ) ) )
  '  |____| .__|_| |_|_| |_\__, | / / / /
 =========|_|==============|___/=/_/_/_/

 :: Spring Boot ::                (v3.3.2)

2025-10-04T15:50:13.913+09:00  INFO 37364 --- [           main] com.sansa.auth.it.CassandraDaoIT         : Starting CassandraDaoIT using Java 21.0.8 with PID 37364 (started by masay in D:\WORKPLACE\M1SH\DEV\GitHub\ProjectSansa\sansa-auth)
2025-10-04T15:50:13.915+09:00  INFO 37364 --- [           main] com.sansa.auth.it.CassandraDaoIT         : The following 1 profile is active: "cassandra"
2025-10-04T15:50:14.585+09:00  INFO 37364 --- [           main] c.d.o.d.i.core.DefaultMavenCoordinates   : DataStax Java driver for Apache Cassandra(R) (com.datastax.oss:java-driver-core) version 4.17.0
2025-10-04T15:50:14.698+09:00  INFO 37364 --- [           main] c.d.o.d.i.c.c.CqlPrepareAsyncProcessor   : Adding handler to invalidate cached prepared statements on type changes
2025-10-04T15:50:14.914+09:00  INFO 37364 --- [     s0-admin-0] c.d.oss.driver.internal.core.time.Clock  : Using native clock for microsecond precision
2025-10-04T15:50:17.333+09:00  INFO 37364 --- [           main] c.d.o.d.i.c.c.CqlPrepareAsyncProcessor   : Adding handler to invalidate cached prepared statements on type changes
2025-10-04T15:50:17.335+09:00  INFO 37364 --- [     s1-admin-0] c.d.oss.driver.internal.core.time.Clock  : Using native clock for microsecond precision
2025-10-04T15:50:17.656+09:00  INFO 37364 --- [           main] com.sansa.auth.it.CassandraDaoIT         : Started CassandraDaoIT in 4.007 seconds (process running for 4.663)
]]></system-out>
    <system-err><![CDATA[WARNING: A Java agent has been loaded dynamically (C:\Users\masay\.m2\repository\net\bytebuddy\byte-buddy-agent\1.14.18\byte-buddy-agent-1.14.18.jar)
WARNING: If a serviceability tool is in use, please run with -XX:+EnableDynamicAgentLoading to hide this warning
WARNING: If a serviceability tool is not in use, please run with -Djdk.instrument.traceUsage for more information
WARNING: Dynamic loading of agents will be disallowed by default in a future release
]]></system-err>
  </testcase>
  <testcase name="user_and_session_crud" classname="com.sansa.auth.it.CassandraDaoIT" time="0.002"/>
</testsuite>