<?xml version="1.0" encoding="UTF-8"?>
<testsuite xmlns:xsi="http://www.w3.org/2001/XMLSchema-instance" xsi:noNamespaceSchemaLocation="https://maven.apache.org/surefire/maven-failsafe-plugin/xsd/failsafe-test-report-3.0.xsd" version="3.0" name="psansa.api.AuthAndPostApiIT" time="108.955" tests="1" errors="0" skipped="0" failures="0">
  <properties>
[...]
</properties>
  <testcase name="postAndList" classname="psansa.api.AuthAndPostApiIT" time="0.904">
    <system-out><![CDATA[2025-09-19 23:19:48,899 INFO  [org.tes.ima.PullPolicy] (main) Image pull policy will be performed by: DefaultPullPolicy()
2025-09-19 23:19:48,901 INFO  [org.tes.uti.ImageNameSubstitutor] (main) Image name substitution will be performed by: DefaultImageNameSubstitutor (composite of 'ConfigurationFileImageNameSubstitutor' and 'PrefixingImageNameSubstitutor')
2025-09-19 23:20:56,704 INFO  [org.tes.doc.DockerClientProviderStrategy] (main) Found Docker environment with local Npipe socket (npipe:////./pipe/docker_engine)
2025-09-19 23:20:56,706 INFO  [org.tes.DockerClientFactory] (main) Docker host IP address is localhost
2025-09-19 23:20:56,733 INFO  [org.tes.DockerClientFactory] (main) Connected to docker: 
  Server Version: 28.4.0
  API Version: 1.51
  Operating System: Docker Desktop
  Total Memory: 7538 MB
2025-09-19 23:20:56,839 INFO  [tc.tes.7.0] (main) Pulling docker image: testcontainers/ryuk:0.7.0. Please be patient; this may take some time but only needs to be done once.
2025-09-19 23:21:06,589 INFO  [tc.tes.7.0] (docker-java-stream-958098063) Starting to pull image
2025-09-19 23:21:06,608 INFO  [tc.tes.7.0] (docker-java-stream-958098063) Pulling image layers:  0 pending,  0 downloaded,  0 extracted, (0 bytes/0 bytes)
2025-09-19 23:21:11,644 INFO  [tc.tes.7.0] (docker-java-stream-958098063) Pulling image layers:  2 pending,  1 downloaded,  0 extracted, (0 bytes/? MB)
2025-09-19 23:21:12,343 INFO  [tc.tes.7.0] (docker-java-stream-958098063) Pulling image layers:  1 pending,  2 downloaded,  0 extracted, (2 MB/? MB)
2025-09-19 23:21:12,545 INFO  [tc.tes.7.0] (docker-java-stream-958098063) Pulling image layers:  1 pending,  2 downloaded,  1 extracted, (2 MB/? MB)
2025-09-19 23:21:12,744 INFO  [tc.tes.7.0] (docker-java-stream-958098063) Pulling image layers:  1 pending,  2 downloaded,  2 extracted, (2 MB/? MB)
2025-09-19 23:21:13,145 INFO  [tc.tes.7.0] (docker-java-stream-958098063) Pulling image layers:  0 pending,  3 downloaded,  2 extracted, (4 MB/6 MB)
2025-09-19 23:21:13,192 INFO  [tc.tes.7.0] (docker-java-stream-958098063) Pulling image layers:  0 pending,  3 downloaded,  3 extracted, (4 MB/6 MB)
2025-09-19 23:21:13,196 INFO  [tc.tes.7.0] (main) Image testcontainers/ryuk:0.7.0 pull took PT16.3561233S
2025-09-19 23:21:13,196 INFO  [tc.tes.7.0] (docker-java-stream-958098063) Pull complete. 3 layers, pulled in 6s (downloaded 4 MB at 682 KB/s)
2025-09-19 23:21:13,256 INFO  [tc.tes.7.0] (main) Creating container for image: testcontainers/ryuk:0.7.0
2025-09-19 23:21:13,471 INFO  [tc.tes.7.0] (main) Container testcontainers/ryuk:0.7.0 is starting: 0f6b924d8dfd55a5bea780d2c30f76279a335c9115d3c9d3745ba0b9e9993642
2025-09-19 23:21:14,049 INFO  [tc.tes.7.0] (main) Container testcontainers/ryuk:0.7.0 started in PT0.7933511S
2025-09-19 23:21:14,057 INFO  [org.tes.uti.RyukResourceReaper] (main) Ryuk started - will monitor and terminate Testcontainers containers on JVM exit
2025-09-19 23:21:14,058 INFO  [org.tes.DockerClientFactory] (main) Checking the system...
2025-09-19 23:21:14,059 INFO  [org.tes.DockerClientFactory] (main) ?? Docker server version should be at least 1.6.0
2025-09-19 23:21:14,062 INFO  [tc.cassandra:5] (main) Creating container for image: cassandra:5
2025-09-19 23:21:14,171 INFO  [tc.cassandra:5] (main) Container cassandra:5 is starting: 2f2428eced15e226861627829079dc4030327f3c6c4c5ec4efe36f824f2e0741
2025-09-19 23:21:23,389 INFO  [tc.cassandra:5] (main) Container cassandra:5 started in PT9.3270808S
2025-09-19 23:21:23,718 INFO  [com.dat.oss.dri.int.cor.DefaultMavenCoordinates] (main) DataStax Java driver for Apache Cassandra(R) (com.datastax.oss:java-driver-core) version 4.17.0
2025-09-19 23:21:23,853 INFO  [com.dat.oss.dri.int.cor.cql.CqlPrepareAsyncProcessor] (main) Adding handler to invalidate cached prepared statements on type changes
2025-09-19 23:21:24,187 INFO  [com.dat.oss.dri.int.cor.tim.Clock] (s0-admin-0) Using native clock for microsecond precision
2025-09-19 23:21:37,216 INFO  [com.dat.oss.dri.int.cor.DefaultMavenCoordinates] (executor-thread-1) DataStax Java driver for Apache Cassandra(R) (com.datastax.oss:java-driver-core) version 4.17.0
2025-09-19 23:21:37,286 INFO  [com.dat.oss.dri.int.cor.cql.CqlPrepareAsyncProcessor] (executor-thread-1) Adding handler to invalidate cached prepared statements on type changes
2025-09-19 23:21:37,493 INFO  [com.dat.oss.dri.int.cor.tim.Clock] (s0-admin-0) Using native clock for microsecond precision
]]></system-out>
    <system-err><![CDATA[9月 19, 2025 11:19:51 午後 org.jboss.logmanager.JBossLoggerFinder getLogger
ERROR: The LogManager accessed before the "java.util.logging.manager" system property was set to "org.jboss.logmanager.LogManager". Results may be unexpected.
9月 19, 2025 11:20:56 午後 io.quarkus.bootstrap.runner.Timing printStartupTime
INFO: backend-java 0.1.0 on JVM (powered by Quarkus 3.13.1) started in 3.060s. Listening on: http://localhost:8080
9月 19, 2025 11:20:56 午後 io.quarkus.bootstrap.runner.Timing printStartupTime
INFO: Profile test activated. 
9月 19, 2025 11:20:56 午後 io.quarkus.bootstrap.runner.Timing printStartupTime
INFO: Installed features: [cdi, rest, rest-jackson, smallrye-context-propagation, vertx]
]]></system-err>
  </testcase>
</testsuite>