-------------------------------------------------------------------------------
Test set: com.sansa.auth.controller.AuthControllerValidationTest
-------------------------------------------------------------------------------
Tests run: 8, Failures: 8, Errors: 0, Skipped: 0, Time elapsed: 2.373 s <<< FAILURE! -- in com.sansa.auth.controller.AuthControllerValidationTest
com.sansa.auth.controller.AuthControllerValidationTest.preRegister_email_blank_400 -- Time elapsed: 0.087 s <<< FAILURE!
java.lang.AssertionError: Status expected:<400> but was:<404>
	at org.springframework.test.util.AssertionErrors.fail(AssertionErrors.java:59)
	at org.springframework.test.util.AssertionErrors.assertEquals(AssertionErrors.java:122)
	at org.springframework.test.web.servlet.result.StatusResultMatchers.lambda$matcher$9(StatusResultMatchers.java:637)
	at org.springframework.test.web.servlet.MockMvc$1.andExpect(MockMvc.java:214)
	at com.sansa.auth.controller.AuthControllerValidationTest.preRegister_email_blank_400(AuthControllerValidationTest.java:96)
	at java.base/java.lang.reflect.Method.invoke(Method.java:580)
	at java.base/java.util.ArrayList.forEach(ArrayList.java:1596)
	at java.base/java.util.ArrayList.forEach(ArrayList.java:1596)

com.sansa.auth.controller.AuthControllerValidationTest.webauthn_assertion_missing_400 -- Time elapsed: 0.007 s <<< FAILURE!
java.lang.AssertionError: Status expected:<400> but was:<404>
	at org.springframework.test.util.AssertionErrors.fail(AssertionErrors.java:59)
	at org.springframework.test.util.AssertionErrors.assertEquals(AssertionErrors.java:122)
	at org.springframework.test.web.servlet.result.StatusResultMatchers.lambda$matcher$9(StatusResultMatchers.java:637)
	at org.springframework.test.web.servlet.MockMvc$1.andExpect(MockMvc.java:214)
	at com.sansa.auth.controller.AuthControllerValidationTest.webauthn_assertion_missing_400(AuthControllerValidationTest.java:217)
	at java.base/java.lang.reflect.Method.invoke(Method.java:580)
	at java.base/java.util.ArrayList.forEach(ArrayList.java:1596)
	at java.base/java.util.ArrayList.forEach(ArrayList.java:1596)

com.sansa.auth.controller.AuthControllerValidationTest.session_delete_not_found_404 -- Time elapsed: 0.029 s <<< FAILURE!
java.lang.AssertionError: 
Response header 'Content-Type'
Expected: a string containing "application/problem+json"
     but: was null
	at org.hamcrest.MatcherAssert.assertThat(MatcherAssert.java:20)
	at org.springframework.test.web.servlet.result.HeaderResultMatchers.lambda$string$0(HeaderResultMatchers.java:60)
	at org.springframework.test.web.servlet.MockMvc$1.andExpect(MockMvc.java:214)
	at com.sansa.auth.controller.AuthControllerValidationTest.session_delete_not_found_404(AuthControllerValidationTest.java:202)
	at java.base/java.lang.reflect.Method.invoke(Method.java:580)
	at java.base/java.util.ArrayList.forEach(ArrayList.java:1596)
	at java.base/java.util.ArrayList.forEach(ArrayList.java:1596)

com.sansa.auth.controller.AuthControllerValidationTest.preRegister_language_invalid_400 -- Time elapsed: 0.005 s <<< FAILURE!
java.lang.AssertionError: Status expected:<400> but was:<404>
	at org.springframework.test.util.AssertionErrors.fail(AssertionErrors.java:59)
	at org.springframework.test.util.AssertionErrors.assertEquals(AssertionErrors.java:122)
	at org.springframework.test.web.servlet.result.StatusResultMatchers.lambda$matcher$9(StatusResultMatchers.java:637)
	at org.springframework.test.web.servlet.MockMvc$1.andExpect(MockMvc.java:214)
	at com.sansa.auth.controller.AuthControllerValidationTest.preRegister_language_invalid_400(AuthControllerValidationTest.java:113)
	at java.base/java.lang.reflect.Method.invoke(Method.java:580)
	at java.base/java.util.ArrayList.forEach(ArrayList.java:1596)
	at java.base/java.util.ArrayList.forEach(ArrayList.java:1596)

com.sansa.auth.controller.AuthControllerValidationTest.i18n_header_reflect -- Time elapsed: 0.006 s <<< FAILURE!
java.lang.AssertionError: Status expected:<400> but was:<404>
	at org.springframework.test.util.AssertionErrors.fail(AssertionErrors.java:59)
	at org.springframework.test.util.AssertionErrors.assertEquals(AssertionErrors.java:122)
	at org.springframework.test.web.servlet.result.StatusResultMatchers.lambda$matcher$9(StatusResultMatchers.java:637)
	at org.springframework.test.web.servlet.MockMvc$1.andExpect(MockMvc.java:214)
	at com.sansa.auth.controller.AuthControllerValidationTest.i18n_header_reflect(AuthControllerValidationTest.java:184)
	at java.base/java.lang.reflect.Method.invoke(Method.java:580)
	at java.base/java.util.ArrayList.forEach(ArrayList.java:1596)
	at java.base/java.util.ArrayList.forEach(ArrayList.java:1596)

com.sansa.auth.controller.AuthControllerValidationTest.login_invalid_credentials_401 -- Time elapsed: 0.013 s <<< FAILURE!
java.lang.AssertionError: Status expected:<401> but was:<404>
	at org.springframework.test.util.AssertionErrors.fail(AssertionErrors.java:59)
	at org.springframework.test.util.AssertionErrors.assertEquals(AssertionErrors.java:122)
	at org.springframework.test.web.servlet.result.StatusResultMatchers.lambda$matcher$9(StatusResultMatchers.java:637)
	at org.springframework.test.web.servlet.MockMvc$1.andExpect(MockMvc.java:214)
	at com.sansa.auth.controller.AuthControllerValidationTest.login_invalid_credentials_401(AuthControllerValidationTest.java:167)
	at java.base/java.lang.reflect.Method.invoke(Method.java:580)
	at java.base/java.util.ArrayList.forEach(ArrayList.java:1596)
	at java.base/java.util.ArrayList.forEach(ArrayList.java:1596)

com.sansa.auth.controller.AuthControllerValidationTest.login_identifier_missing_400 -- Time elapsed: 0.005 s <<< FAILURE!
java.lang.AssertionError: Status expected:<400> but was:<404>
	at org.springframework.test.util.AssertionErrors.fail(AssertionErrors.java:59)
	at org.springframework.test.util.AssertionErrors.assertEquals(AssertionErrors.java:122)
	at org.springframework.test.web.servlet.result.StatusResultMatchers.lambda$matcher$9(StatusResultMatchers.java:637)
	at org.springframework.test.web.servlet.MockMvc$1.andExpect(MockMvc.java:214)
	at com.sansa.auth.controller.AuthControllerValidationTest.login_identifier_missing_400(AuthControllerValidationTest.java:149)
	at java.base/java.lang.reflect.Method.invoke(Method.java:580)
	at java.base/java.util.ArrayList.forEach(ArrayList.java:1596)
	at java.base/java.util.ArrayList.forEach(ArrayList.java:1596)

com.sansa.auth.controller.AuthControllerValidationTest.preRegister_rateLimit_429 -- Time elapsed: 0.006 s <<< FAILURE!
java.lang.AssertionError: Status expected:<429> but was:<404>
	at org.springframework.test.util.AssertionErrors.fail(AssertionErrors.java:59)
	at org.springframework.test.util.AssertionErrors.assertEquals(AssertionErrors.java:122)
	at org.springframework.test.web.servlet.result.StatusResultMatchers.lambda$matcher$9(StatusResultMatchers.java:637)
	at org.springframework.test.web.servlet.MockMvc$1.andExpect(MockMvc.java:214)
	at com.sansa.auth.controller.AuthControllerValidationTest.preRegister_rateLimit_429(AuthControllerValidationTest.java:133)
	at java.base/java.lang.reflect.Method.invoke(Method.java:580)
	at java.base/java.util.ArrayList.forEach(ArrayList.java:1596)
	at java.base/java.util.ArrayList.forEach(ArrayList.java:1596)

